[23 mei 2016 11:37:29] Building database metadata model
[23 mei 2016 11:37:29] Properties: {partialRefresh=false, processColumnsUsingSelect=, includePrimaryKeys=true, eventSocketClient=com.webratio.commons.net.EventSocketClient@1c06d198, includeTables=true, username=homelessangel_admin, outputLogPath=C:\dev\WebRatio\HomelessAngel\.Temp~\DB.xml.log, readIndexes=null, driverClass=com.mysql.jdbc.Driver, includeSynonyms=true, metaDataProviderClass=com.webratio.commons.db.metadata.MySQLMetaDataProvider, outputPath=C:\dev\WebRatio\HomelessAngel\.Temp~\DB.xml, schemaRegex=null, readProcedures=null, includeViews=true, derby.system.home=C:\dev\WebRatio\.metadata\.plugins\com.webratio.commons.db\derby, url=jdbc:mysql://localhost:3306/homelessangel_db, tableRegex=null, readSQLDefinitions=true, includeForeignKeys=false, retrieveAllNames=false, tablesToRefresh=, eventSocketPort=63368}
[23 mei 2016 11:37:29] URL: jdbc:mysql://localhost:3306/homelessangel_db
[23 mei 2016 11:37:29] Product name: MySQL
[23 mei 2016 11:37:29] Product version: 5.7.12-log
[23 mei 2016 11:37:29] Driver name: MySQL Connector Java
[23 mei 2016 11:37:29] Driver version: mysql-connector-java-5.1.31 ( Revision: alexander.soklakov@oracle.com-20140520065950-groqzzbvxprqdmnz )
[23 mei 2016 11:37:29] Driver major version: 5
[23 mei 2016 11:37:29] Driver minor version: 1
[23 mei 2016 11:37:29] Identifier quote string: 1
[23 mei 2016 11:37:29] Retrieving schemas
[23 mei 2016 11:37:29] Retrieving [TABLE, VIEW, SYNONYM] for schema ''
[23 mei 2016 11:37:29]   Found 'address' [type = TABLE]
[23 mei 2016 11:37:29]   Found 'angel' [type = TABLE]
[23 mei 2016 11:37:29]   Found 'deliverymethod' [type = TABLE]
[23 mei 2016 11:37:29]   Found 'group' [type = TABLE]
[23 mei 2016 11:37:29]   Found 'group_module' [type = TABLE]
[23 mei 2016 11:37:29]   Found 'homelessperson' [type = TABLE]
[23 mei 2016 11:37:29]   Found 'module' [type = TABLE]
[23 mei 2016 11:37:29]   Found 'notification' [type = TABLE]
[23 mei 2016 11:37:29]   Found 'offer' [type = TABLE]
[23 mei 2016 11:37:29]   Found 'offer_offercategory' [type = TABLE]
[23 mei 2016 11:37:29]   Found 'offer_offertype' [type = TABLE]
[23 mei 2016 11:37:29]   Found 'offercategory' [type = TABLE]
[23 mei 2016 11:37:29]   Found 'offertype' [type = TABLE]
[23 mei 2016 11:37:29]   Found 'picture' [type = TABLE]
[23 mei 2016 11:37:29]   Found 'rating' [type = TABLE]
[23 mei 2016 11:37:29]   Found 'request' [type = TABLE]
[23 mei 2016 11:37:29]   Found 'transaction' [type = TABLE]
[23 mei 2016 11:37:29]   Found 'transaction_requestedaddress' [type = TABLE]
[23 mei 2016 11:37:29]   Found 'user' [type = TABLE]
[23 mei 2016 11:37:29]   Found 'user_group' [type = TABLE]
[23 mei 2016 11:37:29]   Found 'userprofile' [type = TABLE]
[23 mei 2016 11:37:29]   Found 'angel_amtofitemsgivenaway_view' [type = VIEW]
[23 mei 2016 11:37:29]   Found 'angel_avgrating_view' [type = VIEW]
[23 mei 2016 11:37:29] Retrieving columns for 'address' [type = TABLE]
[23 mei 2016 11:37:29]   Found column: oid [type = INT][SQL/XOPEN type = 4][size = 10][dec. digits = 0]
[23 mei 2016 11:37:29]   Found column: street [type = VARCHAR][SQL/XOPEN type = 12][size = 255][dec. digits = 0]
[23 mei 2016 11:37:29]   Found column: hnumber [type = VARCHAR][SQL/XOPEN type = 12][size = 255][dec. digits = 0]
[23 mei 2016 11:37:29]   Found column: postalcode [type = VARCHAR][SQL/XOPEN type = 12][size = 255][dec. digits = 0]
[23 mei 2016 11:37:29]   Found column: city [type = VARCHAR][SQL/XOPEN type = 12][size = 255][dec. digits = 0]
[23 mei 2016 11:37:29]   Found column: country [type = VARCHAR][SQL/XOPEN type = 12][size = 255][dec. digits = 0]
[23 mei 2016 11:37:29]   Found column: bus [type = VARCHAR][SQL/XOPEN type = 12][size = 255][dec. digits = 0]
[23 mei 2016 11:37:29] Retrieving primary keys for 'address' [type = TABLE]
[23 mei 2016 11:37:29]   Found primary key column: oid
[23 mei 2016 11:37:29] Retrieving columns for 'angel' [type = TABLE]
[23 mei 2016 11:37:29]   Found column: userprofile_oid [type = INT][SQL/XOPEN type = 4][size = 10][dec. digits = 0]
[23 mei 2016 11:37:29]   Found column: oid [type = INT][SQL/XOPEN type = 4][size = 10][dec. digits = 0]
[23 mei 2016 11:37:29]   Found column: profession [type = VARCHAR][SQL/XOPEN type = 12][size = 255][dec. digits = 0]
[23 mei 2016 11:37:29]   Found column: isanomynous [type = BIT][SQL/XOPEN type = -7][size = 1][dec. digits = 0]
[23 mei 2016 11:37:29]   Found column: address_oid [type = INT][SQL/XOPEN type = 4][size = 10][dec. digits = 0]
[23 mei 2016 11:37:29] Retrieving primary keys for 'angel' [type = TABLE]
[23 mei 2016 11:37:29]   Found primary key column: userprofile_oid
[23 mei 2016 11:37:29] Retrieving columns for 'deliverymethod' [type = TABLE]
[23 mei 2016 11:37:29]   Found column: oid [type = INT][SQL/XOPEN type = 4][size = 10][dec. digits = 0]
[23 mei 2016 11:37:29]   Found column: name [type = VARCHAR][SQL/XOPEN type = 12][size = 255][dec. digits = 0]
[23 mei 2016 11:37:29] Retrieving primary keys for 'deliverymethod' [type = TABLE]
[23 mei 2016 11:37:29]   Found primary key column: oid
[23 mei 2016 11:37:29] Retrieving columns for 'group' [type = TABLE]
[23 mei 2016 11:37:29]   Found column: oid [type = INT][SQL/XOPEN type = 4][size = 10][dec. digits = 0]
[23 mei 2016 11:37:29]   Found column: groupname [type = VARCHAR][SQL/XOPEN type = 12][size = 255][dec. digits = 0]
[23 mei 2016 11:37:29]   Found column: module_oid [type = INT][SQL/XOPEN type = 4][size = 10][dec. digits = 0]
[23 mei 2016 11:37:29] Retrieving primary keys for 'group' [type = TABLE]
[23 mei 2016 11:37:29]   Found primary key column: oid
[23 mei 2016 11:37:29] Retrieving columns for 'group_module' [type = TABLE]
[23 mei 2016 11:37:29]   Found column: group_oid [type = INT][SQL/XOPEN type = 4][size = 10][dec. digits = 0]
[23 mei 2016 11:37:29]   Found column: module_oid [type = INT][SQL/XOPEN type = 4][size = 10][dec. digits = 0]
[23 mei 2016 11:37:29] Retrieving primary keys for 'group_module' [type = TABLE]
[23 mei 2016 11:37:29]   Found primary key column: group_oid
[23 mei 2016 11:37:29]   Found primary key column: module_oid
[23 mei 2016 11:37:29] Retrieving columns for 'homelessperson' [type = TABLE]
[23 mei 2016 11:37:29]   Found column: userprofile_oid [type = INT][SQL/XOPEN type = 4][size = 10][dec. digits = 0]
[23 mei 2016 11:37:29]   Found column: oid [type = INT][SQL/XOPEN type = 4][size = 10][dec. digits = 0]
[23 mei 2016 11:37:29]   Found column: nickname [type = VARCHAR][SQL/XOPEN type = 12][size = 255][dec. digits = 0]
[23 mei 2016 11:37:29]   Found column: locatedincity [type = VARCHAR][SQL/XOPEN type = 12][size = 255][dec. digits = 0]
[23 mei 2016 11:37:29]   Found column: yearsonstreet [type = INT][SQL/XOPEN type = 4][size = 10][dec. digits = 0]
[23 mei 2016 11:37:29] Retrieving primary keys for 'homelessperson' [type = TABLE]
[23 mei 2016 11:37:29]   Found primary key column: userprofile_oid
[23 mei 2016 11:37:29] Retrieving columns for 'module' [type = TABLE]
[23 mei 2016 11:37:29]   Found column: oid [type = INT][SQL/XOPEN type = 4][size = 10][dec. digits = 0]
[23 mei 2016 11:37:29]   Found column: moduleid [type = VARCHAR][SQL/XOPEN type = 12][size = 255][dec. digits = 0]
[23 mei 2016 11:37:29]   Found column: modulename [type = VARCHAR][SQL/XOPEN type = 12][size = 255][dec. digits = 0]
[23 mei 2016 11:37:29] Retrieving primary keys for 'module' [type = TABLE]
[23 mei 2016 11:37:29]   Found primary key column: oid
[23 mei 2016 11:37:29] Retrieving columns for 'notification' [type = TABLE]
[23 mei 2016 11:37:29]   Found column: oid [type = INT][SQL/XOPEN type = 4][size = 10][dec. digits = 0]
[23 mei 2016 11:37:29]   Found column: seendate [type = DATETIME][SQL/XOPEN type = 93][size = 19][dec. digits = 0]
[23 mei 2016 11:37:29]   Found column: seen [type = BIT][SQL/XOPEN type = -7][size = 1][dec. digits = 0]
[23 mei 2016 11:37:29]   Found column: description [type = VARCHAR][SQL/XOPEN type = 12][size = 255][dec. digits = 0]
[23 mei 2016 11:37:29]   Found column: notificationtype [type = INT][SQL/XOPEN type = 4][size = 10][dec. digits = 0]
[23 mei 2016 11:37:29] Retrieving primary keys for 'notification' [type = TABLE]
[23 mei 2016 11:37:29]   Found primary key column: oid
[23 mei 2016 11:37:29] Retrieving columns for 'offer' [type = TABLE]
[23 mei 2016 11:37:29]   Found column: oid [type = INT][SQL/XOPEN type = 4][size = 10][dec. digits = 0]
[23 mei 2016 11:37:29]   Found column: isremoved [type = BIT][SQL/XOPEN type = -7][size = 1][dec. digits = 0]
[23 mei 2016 11:37:29]   Found column: removedreason [type = VARCHAR][SQL/XOPEN type = 12][size = 255][dec. digits = 0]
[23 mei 2016 11:37:29]   Found column: amount [type = INT][SQL/XOPEN type = 4][size = 10][dec. digits = 0]
[23 mei 2016 11:37:29]   Found column: description [type = VARCHAR][SQL/XOPEN type = 12][size = 255][dec. digits = 0]
[23 mei 2016 11:37:29]   Found column: expirydate [type = DATE][SQL/XOPEN type = 91][size = 10][dec. digits = 0]
[23 mei 2016 11:37:29]   Found column: creationdate [type = DATETIME][SQL/XOPEN type = 93][size = 19][dec. digits = 0]
[23 mei 2016 11:37:29]   Found column: angel_oid [type = INT][SQL/XOPEN type = 4][size = 10][dec. digits = 0]
[23 mei 2016 11:37:29]   Found column: address_oid [type = INT][SQL/XOPEN type = 4][size = 10][dec. digits = 0]
[23 mei 2016 11:37:29]   Found column: deliverymethod_oid [type = INT][SQL/XOPEN type = 4][size = 10][dec. digits = 0]
[23 mei 2016 11:37:29] Retrieving primary keys for 'offer' [type = TABLE]
[23 mei 2016 11:37:29]   Found primary key column: oid
[23 mei 2016 11:37:29] Retrieving columns for 'offer_offercategory' [type = TABLE]
[23 mei 2016 11:37:29]   Found column: offer_oid [type = INT][SQL/XOPEN type = 4][size = 10][dec. digits = 0]
[23 mei 2016 11:37:29]   Found column: offercategory_oid [type = INT][SQL/XOPEN type = 4][size = 10][dec. digits = 0]
[23 mei 2016 11:37:29] Retrieving primary keys for 'offer_offercategory' [type = TABLE]
[23 mei 2016 11:37:29]   Found primary key column: offer_oid
[23 mei 2016 11:37:29]   Found primary key column: offercategory_oid
[23 mei 2016 11:37:29] Retrieving columns for 'offer_offertype' [type = TABLE]
[23 mei 2016 11:37:29]   Found column: offer_oid [type = INT][SQL/XOPEN type = 4][size = 10][dec. digits = 0]
[23 mei 2016 11:37:29]   Found column: offertype_oid [type = INT][SQL/XOPEN type = 4][size = 10][dec. digits = 0]
[23 mei 2016 11:37:29] Retrieving primary keys for 'offer_offertype' [type = TABLE]
[23 mei 2016 11:37:29]   Found primary key column: offer_oid
[23 mei 2016 11:37:29]   Found primary key column: offertype_oid
[23 mei 2016 11:37:29] Retrieving columns for 'offercategory' [type = TABLE]
[23 mei 2016 11:37:29]   Found column: oid [type = INT][SQL/XOPEN type = 4][size = 10][dec. digits = 0]
[23 mei 2016 11:37:29]   Found column: name [type = VARCHAR][SQL/XOPEN type = 12][size = 255][dec. digits = 0]
[23 mei 2016 11:37:29] Retrieving primary keys for 'offercategory' [type = TABLE]
[23 mei 2016 11:37:29]   Found primary key column: oid
[23 mei 2016 11:37:29] Retrieving columns for 'offertype' [type = TABLE]
[23 mei 2016 11:37:29]   Found column: oid [type = INT][SQL/XOPEN type = 4][size = 10][dec. digits = 0]
[23 mei 2016 11:37:29]   Found column: name [type = VARCHAR][SQL/XOPEN type = 12][size = 255][dec. digits = 0]
[23 mei 2016 11:37:29] Retrieving primary keys for 'offertype' [type = TABLE]
[23 mei 2016 11:37:29]   Found primary key column: oid
[23 mei 2016 11:37:29] Retrieving columns for 'picture' [type = TABLE]
[23 mei 2016 11:37:29]   Found column: oid [type = INT][SQL/XOPEN type = 4][size = 10][dec. digits = 0]
[23 mei 2016 11:37:29]   Found column: description [type = VARCHAR][SQL/XOPEN type = 12][size = 255][dec. digits = 0]
[23 mei 2016 11:37:29]   Found column: fileloc [type = VARCHAR][SQL/XOPEN type = 12][size = 255][dec. digits = 0]
[23 mei 2016 11:37:29]   Found column: title [type = VARCHAR][SQL/XOPEN type = 12][size = 255][dec. digits = 0]
[23 mei 2016 11:37:29]   Found column: userprofile_oid [type = INT][SQL/XOPEN type = 4][size = 10][dec. digits = 0]
[23 mei 2016 11:37:29]   Found column: offer_oid [type = INT][SQL/XOPEN type = 4][size = 10][dec. digits = 0]
[23 mei 2016 11:37:29] Retrieving primary keys for 'picture' [type = TABLE]
[23 mei 2016 11:37:29]   Found primary key column: oid
[23 mei 2016 11:37:29] Retrieving columns for 'rating' [type = TABLE]
[23 mei 2016 11:37:29]   Found column: oid [type = INT][SQL/XOPEN type = 4][size = 10][dec. digits = 0]
[23 mei 2016 11:37:29]   Found column: score [type = INT][SQL/XOPEN type = 4][size = 10][dec. digits = 0]
[23 mei 2016 11:37:29]   Found column: comment [type = VARCHAR][SQL/XOPEN type = 12][size = 255][dec. digits = 0]
[23 mei 2016 11:37:29]   Found column: transaction_oid [type = INT][SQL/XOPEN type = 4][size = 10][dec. digits = 0]
[23 mei 2016 11:37:29] Retrieving primary keys for 'rating' [type = TABLE]
[23 mei 2016 11:37:29]   Found primary key column: oid
[23 mei 2016 11:37:29] Retrieving columns for 'request' [type = TABLE]
[23 mei 2016 11:37:29]   Found column: oid [type = INT][SQL/XOPEN type = 4][size = 10][dec. digits = 0]
[23 mei 2016 11:37:29]   Found column: amount [type = INT][SQL/XOPEN type = 4][size = 10][dec. digits = 0]
[23 mei 2016 11:37:29]   Found column: isaccepted [type = BIT][SQL/XOPEN type = -7][size = 1][dec. digits = 0]
[23 mei 2016 11:37:29]   Found column: requestedon [type = DATETIME][SQL/XOPEN type = 93][size = 19][dec. digits = 0]
[23 mei 2016 11:37:29]   Found column: homelessperson_oid [type = INT][SQL/XOPEN type = 4][size = 10][dec. digits = 0]
[23 mei 2016 11:37:29]   Found column: offer_oid [type = INT][SQL/XOPEN type = 4][size = 10][dec. digits = 0]
[23 mei 2016 11:37:29]   Found column: transaction_oid [type = INT][SQL/XOPEN type = 4][size = 10][dec. digits = 0]
[23 mei 2016 11:37:29]   Found column: notification_oid [type = INT][SQL/XOPEN type = 4][size = 10][dec. digits = 0]
[23 mei 2016 11:37:29] Retrieving primary keys for 'request' [type = TABLE]
[23 mei 2016 11:37:29]   Found primary key column: oid
[23 mei 2016 11:37:29] Retrieving columns for 'transaction' [type = TABLE]
[23 mei 2016 11:37:29]   Found column: oid [type = INT][SQL/XOPEN type = 4][size = 10][dec. digits = 0]
[23 mei 2016 11:37:29]   Found column: deliverydate [type = DATETIME][SQL/XOPEN type = 93][size = 19][dec. digits = 0]
[23 mei 2016 11:37:29]   Found column: iscompleted [type = BIT][SQL/XOPEN type = -7][size = 1][dec. digits = 0]
[23 mei 2016 11:37:29]   Found column: requesteddate [type = DATETIME][SQL/XOPEN type = 93][size = 19][dec. digits = 0]
[23 mei 2016 11:37:29]   Found column: address_oid [type = INT][SQL/XOPEN type = 4][size = 10][dec. digits = 0]
[23 mei 2016 11:37:29] Retrieving primary keys for 'transaction' [type = TABLE]
[23 mei 2016 11:37:29]   Found primary key column: oid
[23 mei 2016 11:37:29] Retrieving columns for 'transaction_requestedaddress' [type = TABLE]
[23 mei 2016 11:37:29]   Found column: transaction_oid [type = INT][SQL/XOPEN type = 4][size = 10][dec. digits = 0]
[23 mei 2016 11:37:29]   Found column: address_oid [type = INT][SQL/XOPEN type = 4][size = 10][dec. digits = 0]
[23 mei 2016 11:37:29] Retrieving primary keys for 'transaction_requestedaddress' [type = TABLE]
[23 mei 2016 11:37:29]   Found primary key column: transaction_oid
[23 mei 2016 11:37:29]   Found primary key column: address_oid
[23 mei 2016 11:37:29] Retrieving columns for 'user' [type = TABLE]
[23 mei 2016 11:37:29]   Found column: oid [type = INT][SQL/XOPEN type = 4][size = 10][dec. digits = 0]
[23 mei 2016 11:37:29]   Found column: name [type = VARCHAR][SQL/XOPEN type = 12][size = 255][dec. digits = 0]
[23 mei 2016 11:37:29]   Found column: password [type = VARCHAR][SQL/XOPEN type = 12][size = 255][dec. digits = 0]
[23 mei 2016 11:37:29]   Found column: email [type = VARCHAR][SQL/XOPEN type = 12][size = 255][dec. digits = 0]
[23 mei 2016 11:37:29]   Found column: usertype [type = INT][SQL/XOPEN type = 4][size = 10][dec. digits = 0]
[23 mei 2016 11:37:29]   Found column: group_oid [type = INT][SQL/XOPEN type = 4][size = 10][dec. digits = 0]
[23 mei 2016 11:37:29] Retrieving primary keys for 'user' [type = TABLE]
[23 mei 2016 11:37:29]   Found primary key column: oid
[23 mei 2016 11:37:29] Retrieving columns for 'user_group' [type = TABLE]
[23 mei 2016 11:37:29]   Found column: user_oid [type = INT][SQL/XOPEN type = 4][size = 10][dec. digits = 0]
[23 mei 2016 11:37:29]   Found column: group_oid [type = INT][SQL/XOPEN type = 4][size = 10][dec. digits = 0]
[23 mei 2016 11:37:29] Retrieving primary keys for 'user_group' [type = TABLE]
[23 mei 2016 11:37:29]   Found primary key column: user_oid
[23 mei 2016 11:37:29]   Found primary key column: group_oid
[23 mei 2016 11:37:29] Retrieving columns for 'userprofile' [type = TABLE]
[23 mei 2016 11:37:29]   Found column: oid [type = INT][SQL/XOPEN type = 4][size = 10][dec. digits = 0]
[23 mei 2016 11:37:29]   Found column: birthdate [type = DATE][SQL/XOPEN type = 91][size = 10][dec. digits = 0]
[23 mei 2016 11:37:29]   Found column: isdisabled [type = BIT][SQL/XOPEN type = -7][size = 1][dec. digits = 0]
[23 mei 2016 11:37:29]   Found column: disabledreason [type = BIT][SQL/XOPEN type = -7][size = 1][dec. digits = 0]
[23 mei 2016 11:37:29]   Found column: iscancelled [type = BIT][SQL/XOPEN type = -7][size = 1][dec. digits = 0]
[23 mei 2016 11:37:29]   Found column: cancellationdate [type = DATETIME][SQL/XOPEN type = 93][size = 19][dec. digits = 0]
[23 mei 2016 11:37:29]   Found column: disableddate [type = DATETIME][SQL/XOPEN type = 93][size = 19][dec. digits = 0]
[23 mei 2016 11:37:29]   Found column: user_oid [type = INT][SQL/XOPEN type = 4][size = 10][dec. digits = 0]
[23 mei 2016 11:37:29]   Found column: notification_oid [type = INT][SQL/XOPEN type = 4][size = 10][dec. digits = 0]
[23 mei 2016 11:37:29] Retrieving primary keys for 'userprofile' [type = TABLE]
[23 mei 2016 11:37:29]   Found primary key column: oid
[23 mei 2016 11:37:29] Retrieving columns for 'angel_amtofitemsgivenaway_view' [type = VIEW]
[23 mei 2016 11:37:29]   Found column: userprofile_oid [type = INT][SQL/XOPEN type = 4][size = 10][dec. digits = 0]
[23 mei 2016 11:37:29]   Found column: der_attr [type = NUMERIC][SQL/XOPEN type = 2][size = 32][dec. digits = 0]
[23 mei 2016 11:37:29] Retrieving primary keys for 'angel_amtofitemsgivenaway_view' [type = VIEW]
[23 mei 2016 11:37:29] Retrieving columns for 'angel_avgrating_view' [type = VIEW]
[23 mei 2016 11:37:29]   Found column: userprofile_oid [type = INT][SQL/XOPEN type = 4][size = 10][dec. digits = 0]
[23 mei 2016 11:37:29]   Found column: der_attr [type = NUMERIC][SQL/XOPEN type = 2][size = 14][dec. digits = 4]
[23 mei 2016 11:37:29] Retrieving primary keys for 'angel_avgrating_view' [type = VIEW]
[23 mei 2016 11:37:29] Database metadata retrieved (202 ms)
[23 mei 2016 11:37:29] Retrieving auto-increment columns for 'address' [type = TABLE]
[23 mei 2016 11:37:29] Retrieving auto-increment columns for 'angel' [type = TABLE]
[23 mei 2016 11:37:29] Retrieving auto-increment columns for 'deliverymethod' [type = TABLE]
[23 mei 2016 11:37:29] Retrieving auto-increment columns for 'group' [type = TABLE]
[23 mei 2016 11:37:29] Retrieving auto-increment columns for 'group_module' [type = TABLE]
[23 mei 2016 11:37:29] Retrieving auto-increment columns for 'homelessperson' [type = TABLE]
[23 mei 2016 11:37:29] Retrieving auto-increment columns for 'module' [type = TABLE]
[23 mei 2016 11:37:29] Retrieving auto-increment columns for 'notification' [type = TABLE]
[23 mei 2016 11:37:29] Retrieving auto-increment columns for 'offer' [type = TABLE]
[23 mei 2016 11:37:29] Retrieving auto-increment columns for 'offer_offercategory' [type = TABLE]
[23 mei 2016 11:37:29] Retrieving auto-increment columns for 'offer_offertype' [type = TABLE]
[23 mei 2016 11:37:29] Retrieving auto-increment columns for 'offercategory' [type = TABLE]
[23 mei 2016 11:37:29] Retrieving auto-increment columns for 'offertype' [type = TABLE]
[23 mei 2016 11:37:29] Retrieving auto-increment columns for 'picture' [type = TABLE]
[23 mei 2016 11:37:29] Retrieving auto-increment columns for 'rating' [type = TABLE]
[23 mei 2016 11:37:29] Retrieving auto-increment columns for 'request' [type = TABLE]
[23 mei 2016 11:37:29] Retrieving auto-increment columns for 'transaction' [type = TABLE]
[23 mei 2016 11:37:29] Retrieving auto-increment columns for 'transaction_requestedaddress' [type = TABLE]
[23 mei 2016 11:37:29] Retrieving auto-increment columns for 'user' [type = TABLE]
[23 mei 2016 11:37:29] Retrieving auto-increment columns for 'user_group' [type = TABLE]
[23 mei 2016 11:37:29] Retrieving auto-increment columns for 'userprofile' [type = TABLE]
[23 mei 2016 11:37:29] Retrieving auto-increment columns for 'angel_amtofitemsgivenaway_view' [type = VIEW]
[23 mei 2016 11:37:29] Retrieving auto-increment columns for 'angel_avgrating_view' [type = VIEW]
[23 mei 2016 11:37:29] Database connection closed
